  Buffer.cpp
c:\users\cryst\downloads\gdp semester 1\6016 - networking\fanspades\server\server\buffer.cpp(68): warning C4244: '=': conversion from 'uint16_t' to '_Ty', possible loss of data
          with
          [
              _Ty=char
          ]
  cCard.cpp
  MessageProtocol.cpp
c:\users\cryst\downloads\gdp semester 1\6016 - networking\fanspades\server\server\messageprotocol.cpp(106): warning C4267: 'argument': conversion from 'size_t' to 'int', possible loss of data
c:\users\cryst\downloads\gdp semester 1\6016 - networking\fanspades\server\server\messageprotocol.cpp(108): warning C4267: 'argument': conversion from 'size_t' to 'int', possible loss of data
c:\users\cryst\downloads\gdp semester 1\6016 - networking\fanspades\server\server\messageprotocol.cpp(121): warning C4267: 'argument': conversion from 'size_t' to 'int', possible loss of data
c:\users\cryst\downloads\gdp semester 1\6016 - networking\fanspades\server\server\messageprotocol.cpp(123): warning C4267: 'argument': conversion from 'size_t' to 'int', possible loss of data
c:\users\cryst\downloads\gdp semester 1\6016 - networking\fanspades\server\server\messageprotocol.cpp(140): warning C4267: 'argument': conversion from 'size_t' to 'int', possible loss of data
c:\users\cryst\downloads\gdp semester 1\6016 - networking\fanspades\server\server\messageprotocol.cpp(142): warning C4267: 'argument': conversion from 'size_t' to 'int', possible loss of data
  serverMain.cpp
c:\users\cryst\downloads\gdp semester 1\6016 - networking\fanspades\server\server\servermain.cpp(53): warning C4244: 'argument': conversion from 'time_t' to 'unsigned int', possible loss of data
c:\users\cryst\downloads\gdp semester 1\6016 - networking\fanspades\server\server\servermain.cpp(117): warning C4267: '=': conversion from 'size_t' to 'int', possible loss of data
c:\users\cryst\downloads\gdp semester 1\6016 - networking\fanspades\server\server\servermain.cpp(118): warning C4267: '=': conversion from 'size_t' to 'int', possible loss of data
c:\users\cryst\downloads\gdp semester 1\6016 - networking\fanspades\server\server\servermain.cpp(141): warning C4267: 'argument': conversion from 'size_t' to 'int', possible loss of data
c:\users\cryst\downloads\gdp semester 1\6016 - networking\fanspades\server\server\servermain.cpp(149): warning C4244: 'initializing': conversion from '__int64' to 'int', possible loss of data
c:\users\cryst\downloads\gdp semester 1\6016 - networking\fanspades\server\server\servermain.cpp(317): warning C4244: 'argument': conversion from 'time_t' to 'unsigned int', possible loss of data
c:\users\cryst\downloads\gdp semester 1\6016 - networking\fanspades\server\server\servermain.cpp(333): warning C4305: 'argument': truncation from 'int' to 'u_short'
c:\users\cryst\downloads\gdp semester 1\6016 - networking\fanspades\server\server\servermain.cpp(333): warning C4309: 'argument': truncation of constant value
c:\users\cryst\downloads\gdp semester 1\6016 - networking\fanspades\server\server\servermain.cpp(362): warning C4312: 'type cast': conversion from 'int' to 'LPVOID' of greater size
c:\users\cryst\downloads\gdp semester 1\6016 - networking\fanspades\server\server\servermain.cpp(379): warning C4267: 'argument': conversion from 'size_t' to 'int', possible loss of data
c:\users\cryst\downloads\gdp semester 1\6016 - networking\fanspades\server\server\servermain.cpp(402): warning C4267: 'argument': conversion from 'size_t' to 'int', possible loss of data
c:\users\cryst\downloads\gdp semester 1\6016 - networking\fanspades\server\server\servermain.cpp(427): warning C4267: 'argument': conversion from 'size_t' to 'int', possible loss of data
c:\users\cryst\downloads\gdp semester 1\6016 - networking\fanspades\server\server\servermain.cpp(461): warning C4267: 'argument': conversion from 'size_t' to 'int', possible loss of data
  Generating Code...
  Server.vcxproj -> C:\Users\Cryst\Downloads\GDP Semester 1\6016 - Networking\FanSpades\Server\x64\Debug\Server.exe
