c:\users\veronika\desktop\git\network\fanspades\fanspades\theproject\x64\release\vc141.pdb
c:\users\veronika\desktop\git\network\fanspades\fanspades\theproject\x64\release\main.obj
c:\users\veronika\desktop\git\network\fanspades\fanspades\theproject\x64\release\sdrawinfo.obj
c:\users\veronika\desktop\git\network\fanspades\fanspades\theproject\x64\release\vaomeshmanager.obj
c:\users\veronika\desktop\git\network\fanspades\fanspades\theproject\x64\release\ctexturefrombmp.obj
c:\users\veronika\desktop\git\network\fanspades\fanspades\theproject\x64\release\cbasictexturemanager.obj
c:\users\veronika\desktop\git\network\fanspades\fanspades\theproject\x64\release\c24bitbmppixel.obj
c:\users\veronika\desktop\git\network\fanspades\fanspades\theproject\x64\release\physicsstuff.obj
c:\users\veronika\desktop\git\network\fanspades\fanspades\theproject\x64\release\param.obj
c:\users\veronika\desktop\git\network\fanspades\fanspades\theproject\x64\release\messageprotocol.obj
c:\users\veronika\desktop\git\network\fanspades\fanspades\theproject\x64\release\loadmodelsintoscene.obj
c:\users\veronika\desktop\git\network\fanspades\fanspades\theproject\x64\release\entitrymanager.obj
c:\users\veronika\desktop\git\network\fanspades\fanspades\theproject\x64\release\drawobj.obj
c:\users\veronika\desktop\git\network\fanspades\fanspades\theproject\x64\release\cshadermanager.obj
c:\users\veronika\desktop\git\network\fanspades\fanspades\theproject\x64\release\cshader.obj
c:\users\veronika\desktop\git\network\fanspades\fanspades\theproject\x64\release\cmeshobject.obj
c:\users\veronika\desktop\git\network\fanspades\fanspades\theproject\x64\release\clightmanager.obj
c:\users\veronika\desktop\git\network\fanspades\fanspades\theproject\x64\release\clighthelper.obj
c:\users\veronika\desktop\git\network\fanspades\fanspades\theproject\x64\release\clight.obj
c:\users\veronika\desktop\git\network\fanspades\fanspades\theproject\x64\release\cflycamera.obj
c:\users\veronika\desktop\git\network\fanspades\fanspades\theproject\x64\release\buffer.obj
c:\users\veronika\desktop\git\network\fanspades\fanspades\theproject\x64\release\userio.obj
c:\users\veronika\desktop\git\network\fanspades\fanspades\theproject\x64\release\glad.obj
c:\users\veronika\desktop\git\network\fanspades\fanspades\x64\release\theproject.exe
c:\users\veronika\desktop\git\network\fanspades\fanspades\x64\release\theproject.pdb
c:\users\veronika\desktop\git\network\fanspades\fanspades\x64\release\theproject.ipdb
c:\users\veronika\desktop\git\network\fanspades\fanspades\x64\release\theproject.iobj
c:\users\veronika\desktop\git\network\fanspades\fanspades\theproject\x64\release\theproject.tlog\cl.command.1.tlog
c:\users\veronika\desktop\git\network\fanspades\fanspades\theproject\x64\release\theproject.tlog\cl.read.1.tlog
c:\users\veronika\desktop\git\network\fanspades\fanspades\theproject\x64\release\theproject.tlog\cl.write.1.tlog
c:\users\veronika\desktop\git\network\fanspades\fanspades\theproject\x64\release\theproject.tlog\link.command.1.tlog
c:\users\veronika\desktop\git\network\fanspades\fanspades\theproject\x64\release\theproject.tlog\link.read.1.tlog
c:\users\veronika\desktop\git\network\fanspades\fanspades\theproject\x64\release\theproject.tlog\link.write.1.tlog
c:\users\veronika\desktop\git\network\fanspades\fanspades\theproject\x64\release\theproject.tlog\theproject.write.1u.tlog
