  main.cpp
c:\users\jenny\downloads\fanspades-0fe52a68f86196a492f3bd45c4684d2a936d8e44\theproject\main.cpp(7): warning C4005: 'WIN32_LEAN_AND_MEAN': macro redefinition
  c:\users\jenny\downloads\fanspades-0fe52a68f86196a492f3bd45c4684d2a936d8e44\theproject\include\glad\glad.h(32): note: see previous definition of 'WIN32_LEAN_AND_MEAN'
c:\users\jenny\downloads\fanspades-0fe52a68f86196a492f3bd45c4684d2a936d8e44\theproject\linmath.h(56): warning C4244: 'initializing': conversion from 'double' to 'float', possible loss of data
c:\users\jenny\downloads\fanspades-0fe52a68f86196a492f3bd45c4684d2a936d8e44\theproject\linmath.h(57): warning C4244: 'initializing': conversion from 'double' to 'float', possible loss of data
c:\users\jenny\downloads\fanspades-0fe52a68f86196a492f3bd45c4684d2a936d8e44\theproject\linmath.h(58): warning C4244: 'initializing': conversion from 'double' to 'float', possible loss of data
c:\users\jenny\downloads\fanspades-0fe52a68f86196a492f3bd45c4684d2a936d8e44\theproject\linmath.h(337): warning C4244: '=': conversion from 'double' to 'float', possible loss of data
c:\users\jenny\downloads\fanspades-0fe52a68f86196a492f3bd45c4684d2a936d8e44\theproject\main.cpp(86): warning C4267: 'argument': conversion from 'size_t' to 'int', possible loss of data
c:\users\jenny\downloads\fanspades-0fe52a68f86196a492f3bd45c4684d2a936d8e44\theproject\main.cpp(184): warning C4305: 'argument': truncation from 'int' to 'u_short'
c:\users\jenny\downloads\fanspades-0fe52a68f86196a492f3bd45c4684d2a936d8e44\theproject\main.cpp(184): warning C4309: 'argument': truncation of constant value
c:\users\jenny\downloads\fanspades-0fe52a68f86196a492f3bd45c4684d2a936d8e44\theproject\main.cpp(352): warning C4267: 'argument': conversion from 'size_t' to 'int', possible loss of data
c:\users\jenny\downloads\fanspades-0fe52a68f86196a492f3bd45c4684d2a936d8e44\theproject\main.cpp(360): warning C4267: 'argument': conversion from 'size_t' to 'int', possible loss of data
c:\users\jenny\downloads\fanspades-0fe52a68f86196a492f3bd45c4684d2a936d8e44\theproject\main.cpp(203): warning C4101: 'fragment_shader': unreferenced local variable
c:\users\jenny\downloads\fanspades-0fe52a68f86196a492f3bd45c4684d2a936d8e44\theproject\main.cpp(203): warning C4101: 'vertex_shader': unreferenced local variable
c:\users\jenny\downloads\fanspades-0fe52a68f86196a492f3bd45c4684d2a936d8e44\theproject\main.cpp(434): warning C4305: 'initializing': truncation from 'double' to 'float'
c:\users\jenny\downloads\fanspades-0fe52a68f86196a492f3bd45c4684d2a936d8e44\theproject\main.cpp(435): warning C4305: 'initializing': truncation from 'double' to 'float'
c:\users\jenny\downloads\fanspades-0fe52a68f86196a492f3bd45c4684d2a936d8e44\theproject\main.cpp(449): warning C4267: 'argument': conversion from 'size_t' to 'int', possible loss of data
c:\users\jenny\downloads\fanspades-0fe52a68f86196a492f3bd45c4684d2a936d8e44\theproject\main.cpp(473): warning C4244: '+=': conversion from 'double' to 'T', possible loss of data
          with
          [
              T=float
          ]
c:\users\jenny\downloads\fanspades-0fe52a68f86196a492f3bd45c4684d2a936d8e44\theproject\main.cpp(474): warning C4244: '+=': conversion from 'double' to 'T', possible loss of data
          with
          [
              T=float
          ]
c:\users\jenny\downloads\fanspades-0fe52a68f86196a492f3bd45c4684d2a936d8e44\theproject\main.cpp(475): warning C4244: '+=': conversion from 'double' to 'T', possible loss of data
          with
          [
              T=float
          ]
  Generating code
  2 of 2861 functions (<0.1%) were compiled, the rest were copied from previous compilation.
    0 functions were new in current compilation
    16 functions had inline decision re-evaluated but remain unchanged
  Finished generating code
  TheProject.vcxproj -> C:\Users\Jenny\Downloads\FanSpades-0fe52a68f86196a492f3bd45c4684d2a936d8e44\x64\Release\TheProject.exe
